


          *200                                                            Page 1


    1        0200      *200
    2 00200  7600      7600
    3 00201  1216      TAD 216
    4 00202  4210      JMS 210
    5 00203  1217      TAD 217
    6 00204  3620      DCA I 220
    7 00205  1222      TAD 222
    8 00206  4210      JMS 210
    9 00207  5600      JMP I 200
   10 00210  0000      0
   11 00211  6766      DTLA
   12 00212  3621      DCA I 221
   13 00213  6771      DTSF
   14 00214  5213      JMP .-1
   15 00215  5610      JMP I 210
   16 00216  0600      0600
   17 00217  7577      7577
   18 00220  7755      7755
   19 00221  7754      7754
   20 00222  0220      0220
   21                  $

      No detected errors
      No links generated
